<?xml version="1.0" encoding="UTF-8"?>
<!-- Generated by org.testng.reporters.JUnitReportReporter -->
<testsuite hostname="ACHINTYAPC" failures="0" tests="1" name="com.w2a.testcases.AddCustomerTest" time="10.632" errors="0" timestamp="2025-04-01T17:51:32 IST" skipped="0">
  <testcase classname="com.w2a.testcases.AddCustomerTest" name="addCustomer" time="10.632"/>
  <system-out/>
</testsuite> <!-- com.w2a.testcases.AddCustomerTest -->
