<?xml version="1.0" encoding="UTF-8"?>
<!-- Generated by org.testng.reporters.JUnitReportReporter -->
<testsuite hostname="ACHINTYAPC" failures="0" tests="1" name="com.w2a.testcases.BankManagerLoginTest" time="4.274" errors="0" timestamp="2025-04-01T17:51:32 IST" skipped="0">
  <testcase classname="com.w2a.testcases.BankManagerLoginTest" name="loginAsBankManager" time="4.274"/>
  <system-out/>
</testsuite> <!-- com.w2a.testcases.BankManagerLoginTest -->
