<?xml version="1.0" encoding="UTF-8"?>
<!-- Generated by org.testng.reporters.JUnitReportReporter -->
<testsuite hostname="ACHINTYAPC" failures="0" tests="1" name="com.w2a.testcases.LoginTest" time="8.383" errors="0" timestamp="2025-03-31T22:00:48 IST" skipped="0">
  <testcase classname="com.w2a.testcases.LoginTest" name="loginAsBankManager" time="8.383"/>
  <system-out/>
</testsuite> <!-- com.w2a.testcases.LoginTest -->
