<?xml version="1.0" encoding="UTF-8"?>
<!-- Generated by org.testng.reporters.JUnitReportReporter -->
<testsuite hostname="ACHINTYAPC" failures="0" tests="1" name="com.w2a.testcases.BankManagerLoginTest" time="2.738" errors="0" timestamp="2025-04-04T23:52:30 IST" skipped="0">
  <testcase classname="com.w2a.testcases.BankManagerLoginTest" name="loginAsBankManager" time="2.738"/>
  <system-out/>
</testsuite> <!-- com.w2a.testcases.BankManagerLoginTest -->
