<?xml version="1.0" encoding="UTF-8"?>
<!-- Generated by org.testng.reporters.JUnitReportReporter -->
<testsuite hostname="ACHINTYAPC" failures="0" tests="1" name="com.w2a.testcases.AddCustomerTest" time="7.823" errors="0" timestamp="2025-04-04T23:52:30 IST" skipped="0">
  <testcase classname="com.w2a.testcases.AddCustomerTest" name="addCustomer" time="7.823"/>
  <system-out/>
</testsuite> <!-- com.w2a.testcases.AddCustomerTest -->
